<?xml version="1.0" encoding="UTF-8"?>
<!-- Generated by org.testng.reporters.JUnitReportReporter -->
<testsuite hostname="DESKTOP-UPACE1D" failures="0" tests="1" name="com.it.bd.tests.WriterTest" time="18.502" errors="0" timestamp="25 Sep 2024 21:23:58 GMT" skipped="0">
  <testcase classname="com.it.bd.tests.WriterTest" name="loginTest" time="18.502"/>
</testsuite> <!-- com.it.bd.tests.WriterTest -->
