<?xml version="1.0" encoding="UTF-8"?>
<!-- Generated by org.testng.reporters.JUnitReportReporter -->
<testsuite hostname="DESKTOP-UPACE1D" failures="0" tests="1" name="com.it.bd.tests.OrderTest" time="9.945" errors="0" timestamp="25 Sep 2024 21:23:58 GMT" skipped="0">
  <testcase classname="com.it.bd.tests.OrderTest" name="loginTest" time="9.945"/>
</testsuite> <!-- com.it.bd.tests.OrderTest -->
